Log file open, 05/16/19 14:41:54
LogWindows: Failed to load 'aqProf.dll' (GetLastError=126)
LogWindows: File 'aqProf.dll' does not exist
LogWindows: Failed to load 'VtuneApi.dll' (GetLastError=126)
LogWindows: File 'VtuneApi.dll' does not exist
LogWindows: Failed to load 'VtuneApi32e.dll' (GetLastError=126)
LogWindows: File 'VtuneApi32e.dll' does not exist
LogConsoleResponse: Display: Failed to find resolution value strings in scalability ini. Falling back to default.
LogInit: Display: Running engine for game: EAE3010SRAssign1
LogPakFile: Registered encryption key '00000000000000000000000000000000': 0 pak files mounted, 0 remain pending
LogPlatformFile: Not using cached read wrapper
LogTaskGraph: Started task graph with 5 named threads and 23 total threads with 3 sets of task threads.
LogStats: Stats thread started at 0.390836
LogD3D11RHI: Loaded GFSDK_Aftermath_Lib.x64.dll
LogICUInternationalization: ICU TimeZone Detection - Raw Offset: -7:00, Platform Override: ''
LogPluginManager: Mounting plugin Paper2D
LogPluginManager: Mounting plugin AISupport
LogPluginManager: Mounting plugin LightPropagationVolume
LogPluginManager: Mounting plugin ActorLayerUtilities
LogPluginManager: Mounting plugin CLionSourceCodeAccess
LogPluginManager: Mounting plugin CodeLiteSourceCodeAccess
LogPluginManager: Mounting plugin GitSourceControl
LogPluginManager: Mounting plugin KDevelopSourceCodeAccess
LogPluginManager: Mounting plugin NullSourceCodeAccess
LogPluginManager: Mounting plugin PerforceSourceControl
LogPluginManager: Mounting plugin SubversionSourceControl
LogPluginManager: Mounting plugin UObjectPlugin
LogPluginManager: Mounting plugin VisualStudioCodeSourceCodeAccess
LogPluginManager: Mounting plugin VisualStudioSourceCodeAccess
LogPluginManager: Mounting plugin XCodeSourceCodeAccess
LogPluginManager: Mounting plugin AssetManagerEditor
LogPluginManager: Mounting plugin CryptoKeys
LogPluginManager: Mounting plugin DataValidation
LogPluginManager: Mounting plugin FacialAnimation
LogPluginManager: Mounting plugin GameplayTagsEditor
LogPluginManager: Mounting plugin MacGraphicsSwitching
LogPluginManager: Mounting plugin MeshEditor
LogPluginManager: Mounting plugin MobileLauncherProfileWizard
LogPluginManager: Mounting plugin PluginBrowser
LogPluginManager: Mounting plugin SpeedTreeImporter
LogPluginManager: Mounting plugin DatasmithContent
LogPluginManager: Mounting plugin VariantManagerContent
LogPluginManager: Mounting plugin AlembicImporter
LogPluginManager: Mounting plugin AppleImageUtils
LogPluginManager: Mounting plugin AppleVision
LogPluginManager: Mounting plugin BackChannel
LogPluginManager: Mounting plugin CharacterAI
LogPluginManager: Mounting plugin GeometryCache
LogPluginManager: Mounting plugin HTML5Networking
LogPluginManager: Mounting plugin ProxyLODPlugin
LogPluginManager: Mounting plugin MagicLeap
LogPluginManager: Mounting plugin MagicLeapMedia
LogPluginManager: Mounting plugin AndroidMedia
LogPluginManager: Mounting plugin AvfMedia
LogPluginManager: Mounting plugin ImgMedia
LogPluginManager: Mounting plugin LinearTimecode
LogPluginManager: Mounting plugin MediaCompositing
LogPluginManager: Mounting plugin MediaPlayerEditor
LogPluginManager: Mounting plugin WebMMedia
LogPluginManager: Mounting plugin WmfMedia
LogPluginManager: Mounting plugin TcpMessaging
LogPluginManager: Mounting plugin UdpMessaging
LogPluginManager: Mounting plugin ActorSequence
LogPluginManager: Mounting plugin LevelSequenceEditor
LogPluginManager: Mounting plugin MatineeToLevelSequence
LogPluginManager: Mounting plugin NetcodeUnitTest
LogPluginManager: Mounting plugin NUTUnrealEngine4
LogPluginManager: Mounting plugin OnlineSubsystemGooglePlay
LogPluginManager: Mounting plugin OnlineSubsystemIOS
LogPluginManager: Mounting plugin OnlineSubsystem
LogPluginManager: Mounting plugin OnlineSubsystemNull
LogPluginManager: Mounting plugin OnlineSubsystemUtils
LogPluginManager: Mounting plugin LauncherChunkInstaller
LogPluginManager: Mounting plugin AndroidDeviceProfileSelector
LogPluginManager: Mounting plugin AndroidMoviePlayer
LogPluginManager: Mounting plugin AndroidPermission
LogPluginManager: Mounting plugin AppleMoviePlayer
LogPluginManager: Mounting plugin ArchVisCharacter
LogPluginManager: Mounting plugin AudioCapture
LogPluginManager: Mounting plugin CableComponent
LogPluginManager: Mounting plugin CustomMeshComponent
LogPluginManager: Mounting plugin EditableMesh
LogPluginManager: Mounting plugin ExampleDeviceProfileSelector
LogPluginManager: Mounting plugin Firebase
LogPluginManager: Mounting plugin GoogleCloudMessaging
LogPluginManager: Mounting plugin IOSDeviceProfileSelector
LogPluginManager: Mounting plugin LinuxDeviceProfileSelector
LogPluginManager: Mounting plugin LocationServicesBPLibrary
LogPluginManager: Mounting plugin MobilePatchingUtils
LogPluginManager: Mounting plugin OculusVR
LogPluginManager: Mounting plugin PhysXVehicles
LogPluginManager: Mounting plugin ProceduralMeshComponent
LogPluginManager: Mounting plugin RuntimePhysXCooking
LogPluginManager: Mounting plugin SteamVR
LogPluginManager: Mounting plugin WebMMoviePlayer
LogPluginManager: Mounting plugin WindowsMoviePlayer
LogStreaming: Display: Took  0.092s to configure plugins.
LogInit: Using libcurl 7.55.1-DEV
LogInit:  - built for x86_64-pc-win32
LogInit:  - supports SSL with OpenSSL/1.0.2h
LogInit:  - supports HTTP deflate (compression) using libz 1.2.8
LogInit:  - other features:
LogInit:      CURL_VERSION_SSL
LogInit:      CURL_VERSION_LIBZ
LogInit:      CURL_VERSION_IPV6
LogInit:      CURL_VERSION_ASYNCHDNS
LogInit:      CURL_VERSION_LARGEFILE
LogInit:      CURL_VERSION_IDN
LogInit:  CurlRequestOptions (configurable via config and command line):
LogInit:  - bVerifyPeer = true  - Libcurl will verify peer certificate
LogInit:  - bUseHttpProxy = false  - Libcurl will NOT use HTTP proxy
LogInit:  - bDontReuseConnections = false  - Libcurl will reuse connections
LogInit:  - MaxHostConnections = 16  - Libcurl will limit the number of connections to a host
LogInit:  - LocalHostAddr = Default
LogInit:  - BufferSize = 65536
LogInit: WinSock: version 1.1 (2.2), MaxSocks=32767, MaxUdp=65467
LogInit: Build: ++UE4+Release-4.21-CL-4753647
LogInit: Engine Version: 4.21.2-4753647+++UE4+Release-4.21
LogInit: Compatible Engine Version: 4.21.0-4541578+++UE4+Release-4.21
LogInit: Net CL: 4541578
LogInit: OS: Windows 10 (), CPU: Intel(R) Core(TM) i7-6700K CPU @ 4.00GHz, GPU: NVIDIA GeForce GTX 1070
LogInit: Compiled (64-bit): Jan 19 2019 02:07:31
LogInit: Compiled with Visual C++: 19.13.26129.00
LogInit: Build Configuration: Development
LogInit: Branch Name: ++UE4+Release-4.21
LogInit: Command Line:  -EpicPortal -epicusername=browp084 -epicuserid=42581f07ce594adf839714fc8db8875d -epiclocale=en-US
LogInit: Base Directory: C:/Program Files/Epic Games/UE_4.21/Engine/Binaries/Win64/
LogInit: Installed Engine Build: 1
LogDevObjectVersion: Number of dev versions registered: 22
LogDevObjectVersion:   Dev-Blueprints (B0D832E4-1F89-4F0D-ACCF-7EB736FD4AA2): 10
LogDevObjectVersion:   Dev-Build (E1C64328-A22C-4D53-A36C-8E866417BD8C): 0
LogDevObjectVersion:   Dev-Core (375EC13C-06E4-48FB-B500-84F0262A717E): 2
LogDevObjectVersion:   Dev-Editor (E4B068ED-F494-42E9-A231-DA0B2E46BB41): 26
LogDevObjectVersion:   Dev-Framework (CFFC743F-43B0-4480-9391-14DF171D2073): 34
LogDevObjectVersion:   Dev-Mobile (B02B49B5-BB20-44E9-A304-32B752E40360): 2
LogDevObjectVersion:   Dev-Networking (A4E4105C-59A1-49B5-A7C5-40C4547EDFEE): 0
LogDevObjectVersion:   Dev-Online (39C831C9-5AE6-47DC-9A44-9C173E1C8E7C): 0
LogDevObjectVersion:   Dev-Physics (78F01B33-EBEA-4F98-B9B4-84EACCB95AA2): 0
LogDevObjectVersion:   Dev-Platform (6631380F-2D4D-43E0-8009-CF276956A95A): 0
LogDevObjectVersion:   Dev-Rendering (12F88B9F-8875-4AFC-A67C-D90C383ABD29): 27
LogDevObjectVersion:   Dev-Sequencer (7B5AE74C-D270-4C10-A958-57980B212A5A): 9
LogDevObjectVersion:   Dev-VR (D7296918-1DD6-4BDD-9DE2-64A83CC13884): 2
LogDevObjectVersion:   Dev-LoadTimes (C2A15278-BFE7-4AFE-6C17-90FF531DF755): 1
LogDevObjectVersion:   Private-Geometry (6EACA3D4-40EC-4CC1-B786-8BED09428FC5): 3
LogDevObjectVersion:   Dev-AnimPhys (29E575DD-E0A3-4627-9D10-D276232CDCEA): 17
LogDevObjectVersion:   Dev-Anim (AF43A65D-7FD3-4947-9873-3E8ED9C1BB05): 2
LogDevObjectVersion:   Dev-ReflectionCapture (6B266CEC-1EC7-4B8F-A30B-E4D90942FC07): 1
LogDevObjectVersion:   Dev-Automation (0DF73D61-A23F-47EA-B727-89E90C41499A): 1
LogDevObjectVersion:   FortniteMain (601D1886-AC64-4F84-AA16-D3DE0DEAC7D6): 17
LogDevObjectVersion:   Dev-Enterprise (9DFFBCD6-494F-0158-E221-12823C92A888): 4
LogDevObjectVersion:   Dev-Niagara (F2AED0AC-9AFE-416F-8664-AA7FFA26D6FC): 1
LogStreaming: Display: Took  0.000s to delete old logs.
LogInit: Presizing for max 8388607 objects, including 0 objects not considered by GC, pre-allocating 0 bytes for permanent pool.
LogInit: Object subsystem initialized
LogConfig: Setting CVar [[con.DebugEarlyDefault:1]]
LogConfig: Setting CVar [[r.setres:1280x720]]
[2019.05.16-20.41.54:455][  0]LogConfig: Setting CVar [[r.VSync:0]]
[2019.05.16-20.41.54:455][  0]LogConfig: Setting CVar [[r.RHICmdBypass:0]]
[2019.05.16-20.41.54:455][  0]LogConfig: Applying CVar settings from Section [/Script/Engine.RendererSettings] File [C:/Users/MOTPe/Documents/GitHub/SummerAssetpipe/class/Unreal Projects/EAE3010SRAssign1/Saved/Config/Windows/Engine.ini]
[2019.05.16-20.41.54:455][  0]LogConfig: Setting CVar [[r.GPUCrashDebugging:0]]
[2019.05.16-20.41.54:455][  0]LogConfig: Applying CVar settings from Section [/Script/Engine.RendererOverrideSettings] File [C:/Users/MOTPe/Documents/GitHub/SummerAssetpipe/class/Unreal Projects/EAE3010SRAssign1/Saved/Config/Windows/Engine.ini]
[2019.05.16-20.41.54:455][  0]LogConfig: Applying CVar settings from Section [/Script/Engine.StreamingSettings] File [C:/Users/MOTPe/Documents/GitHub/SummerAssetpipe/class/Unreal Projects/EAE3010SRAssign1/Saved/Config/Windows/Engine.ini]
[2019.05.16-20.41.54:455][  0]LogConfig: Setting CVar [[s.MinBulkDataSizeForAsyncLoading:131072]]
[2019.05.16-20.41.54:455][  0]LogConfig: Setting CVar [[s.AsyncLoadingThreadEnabled:0]]
[2019.05.16-20.41.54:455][  0]LogConfig: Setting CVar [[s.EventDrivenLoaderEnabled:1]]
[2019.05.16-20.41.54:455][  0]LogConfig: Setting CVar [[s.WarnIfTimeLimitExceeded:0]]
[2019.05.16-20.41.54:455][  0]LogConfig: Setting CVar [[s.TimeLimitExceededMultiplier:1.5]]
[2019.05.16-20.41.54:455][  0]LogConfig: Setting CVar [[s.TimeLimitExceededMinTime:0.005]]
[2019.05.16-20.41.54:455][  0]LogConfig: Setting CVar [[s.UseBackgroundLevelStreaming:1]]
[2019.05.16-20.41.54:455][  0]LogConfig: Setting CVar [[s.PriorityAsyncLoadingExtraTime:15.0]]
[2019.05.16-20.41.54:455][  0]LogConfig: Setting CVar [[s.LevelStreamingActorsUpdateTimeLimit:5.0]]
[2019.05.16-20.41.54:455][  0]LogConfig: Setting CVar [[s.PriorityLevelStreamingActorsUpdateExtraTime:5.0]]
[2019.05.16-20.41.54:455][  0]LogConfig: Setting CVar [[s.LevelStreamingComponentsRegistrationGranularity:10]]
[2019.05.16-20.41.54:455][  0]LogConfig: Setting CVar [[s.UnregisterComponentsTimeLimit:1.0]]
[2019.05.16-20.41.54:455][  0]LogConfig: Setting CVar [[s.LevelStreamingComponentsUnregistrationGranularity:5]]
[2019.05.16-20.41.54:455][  0]LogConfig: Applying CVar settings from Section [/Script/Engine.GarbageCollectionSettings] File [C:/Users/MOTPe/Documents/GitHub/SummerAssetpipe/class/Unreal Projects/EAE3010SRAssign1/Saved/Config/Windows/Engine.ini]
[2019.05.16-20.41.54:455][  0]LogConfig: Setting CVar [[gc.MaxObjectsNotConsideredByGC:1]]
[2019.05.16-20.41.54:455][  0]LogConfig: Setting CVar [[gc.SizeOfPermanentObjectPool:0]]
[2019.05.16-20.41.54:455][  0]LogConfig: Setting CVar [[gc.FlushStreamingOnGC:0]]
[2019.05.16-20.41.54:455][  0]LogConfig: Setting CVar [[gc.NumRetriesBeforeForcingGC:10]]
[2019.05.16-20.41.54:455][  0]LogConfig: Setting CVar [[gc.AllowParallelGC:1]]
[2019.05.16-20.41.54:455][  0]LogConfig: Setting CVar [[gc.TimeBetweenPurgingPendingKillObjects:61.1]]
[2019.05.16-20.41.54:455][  0]LogConfig: Setting CVar [[gc.MaxObjectsInEditor:8388607]]
[2019.05.16-20.41.54:455][  0]LogConfig: Setting CVar [[gc.IncrementalBeginDestroyEnabled:1]]
[2019.05.16-20.41.54:455][  0]LogConfig: Setting CVar [[gc.CreateGCClusters:1]]
[2019.05.16-20.41.54:455][  0]LogConfig: Setting CVar [[gc.MergeGCClusters:0]]
[2019.05.16-20.41.54:455][  0]LogConfig: Setting CVar [[gc.MinGCClusterSize:5]]
[2019.05.16-20.41.54:455][  0]LogConfig: Setting CVar [[gc.ActorClusteringEnabled:0]]
[2019.05.16-20.41.54:455][  0]LogConfig: Setting CVar [[gc.BlueprintClusteringEnabled:0]]
[2019.05.16-20.41.54:455][  0]LogConfig: Setting CVar [[gc.UseDisregardForGCOnDedicatedServers:0]]
[2019.05.16-20.41.54:455][  0]LogConfig: Applying CVar settings from Section [/Script/Engine.NetworkSettings] File [C:/Users/MOTPe/Documents/GitHub/SummerAssetpipe/class/Unreal Projects/EAE3010SRAssign1/Saved/Config/Windows/Engine.ini]
[2019.05.16-20.41.54:455][  0]LogConfig: Applying CVar settings from Section [/Script/UnrealEd.CookerSettings] File [C:/Users/MOTPe/Documents/GitHub/SummerAssetpipe/class/Unreal Projects/EAE3010SRAssign1/Saved/Config/Windows/Engine.ini]
[2019.05.16-20.41.54:460][  0]LogConfig: Applying CVar settings from Section [ViewDistanceQuality@3] File [C:/Users/MOTPe/Documents/GitHub/SummerAssetpipe/class/Unreal Projects/EAE3010SRAssign1/Saved/Config/Windows/Scalability.ini]
[2019.05.16-20.41.54:460][  0]LogConfig: Setting CVar [[r.SkeletalMeshLODBias:0]]
[2019.05.16-20.41.54:460][  0]LogConfig: Setting CVar [[r.ViewDistanceScale:1.0]]
[2019.05.16-20.41.54:460][  0]LogConfig: Applying CVar settings from Section [AntiAliasingQuality@3] File [C:/Users/MOTPe/Documents/GitHub/SummerAssetpipe/class/Unreal Projects/EAE3010SRAssign1/Saved/Config/Windows/Scalability.ini]
[2019.05.16-20.41.54:460][  0]LogConfig: Setting CVar [[r.PostProcessAAQuality:4]]
[2019.05.16-20.41.54:460][  0]LogConfig: Applying CVar settings from Section [ShadowQuality@3] File [C:/Users/MOTPe/Documents/GitHub/SummerAssetpipe/class/Unreal Projects/EAE3010SRAssign1/Saved/Config/Windows/Scalability.ini]
[2019.05.16-20.41.54:460][  0]LogConfig: Setting CVar [[r.LightFunctionQuality:1]]
[2019.05.16-20.41.54:460][  0]LogConfig: Setting CVar [[r.ShadowQuality:5]]
[2019.05.16-20.41.54:460][  0]LogConfig: Setting CVar [[r.Shadow.CSM.MaxCascades:10]]
[2019.05.16-20.41.54:460][  0]LogConfig: Setting CVar [[r.Shadow.MaxResolution:2048]]
[2019.05.16-20.41.54:460][  0]LogConfig: Setting CVar [[r.Shadow.MaxCSMResolution:2048]]
[2019.05.16-20.41.54:460][  0]LogConfig: Setting CVar [[r.Shadow.RadiusThreshold:0.01]]
[2019.05.16-20.41.54:460][  0]LogConfig: Setting CVar [[r.Shadow.DistanceScale:1.0]]
[2019.05.16-20.41.54:460][  0]LogConfig: Setting CVar [[r.Shadow.CSM.TransitionScale:1.0]]
[2019.05.16-20.41.54:460][  0]LogConfig: Setting CVar [[r.Shadow.PreShadowResolutionFactor:1.0]]
[2019.05.16-20.41.54:460][  0]LogConfig: Setting CVar [[r.DistanceFieldShadowing:1]]
[2019.05.16-20.41.54:460][  0]LogConfig: Setting CVar [[r.DistanceFieldAO:1]]
[2019.05.16-20.41.54:460][  0]LogConfig: Setting CVar [[r.AOQuality:2]]
[2019.05.16-20.41.54:460][  0]LogConfig: Setting CVar [[r.VolumetricFog:1]]
[2019.05.16-20.41.54:460][  0]LogConfig: Setting CVar [[r.VolumetricFog.GridPixelSize:8]]
[2019.05.16-20.41.54:460][  0]LogConfig: Setting CVar [[r.VolumetricFog.GridSizeZ:128]]
[2019.05.16-20.41.54:460][  0]LogConfig: Setting CVar [[r.VolumetricFog.HistoryMissSupersampleCount:4]]
[2019.05.16-20.41.54:460][  0]LogConfig: Setting CVar [[r.LightMaxDrawDistanceScale:1]]
[2019.05.16-20.41.54:460][  0]LogConfig: Setting CVar [[r.CapsuleShadows:1]]
[2019.05.16-20.41.54:460][  0]LogConfig: Applying CVar settings from Section [PostProcessQuality@3] File [C:/Users/MOTPe/Documents/GitHub/SummerAssetpipe/class/Unreal Projects/EAE3010SRAssign1/Saved/Config/Windows/Scalability.ini]
[2019.05.16-20.41.54:460][  0]LogConfig: Setting CVar [[r.MotionBlurQuality:4]]
[2019.05.16-20.41.54:460][  0]LogConfig: Setting CVar [[r.AmbientOcclusionMipLevelFactor:0.4]]
[2019.05.16-20.41.54:461][  0]LogConfig: Setting CVar [[r.AmbientOcclusionMaxQuality:100]]
[2019.05.16-20.41.54:461][  0]LogConfig: Setting CVar [[r.AmbientOcclusionLevels:-1]]
[2019.05.16-20.41.54:461][  0]LogConfig: Setting CVar [[r.AmbientOcclusionRadiusScale:1.0]]
[2019.05.16-20.41.54:461][  0]LogConfig: Setting CVar [[r.DepthOfFieldQuality:2]]
[2019.05.16-20.41.54:461][  0]LogConfig: Setting CVar [[r.RenderTargetPoolMin:400]]
[2019.05.16-20.41.54:461][  0]LogConfig: Setting CVar [[r.LensFlareQuality:2]]
[2019.05.16-20.41.54:461][  0]LogConfig: Setting CVar [[r.SceneColorFringeQuality:1]]
[2019.05.16-20.41.54:461][  0]LogConfig: Setting CVar [[r.EyeAdaptationQuality:2]]
[2019.05.16-20.41.54:461][  0]LogConfig: Setting CVar [[r.BloomQuality:5]]
[2019.05.16-20.41.54:461][  0]LogConfig: Setting CVar [[r.FastBlurThreshold:100]]
[2019.05.16-20.41.54:461][  0]LogConfig: Setting CVar [[r.Upscale.Quality:3]]
[2019.05.16-20.41.54:461][  0]LogConfig: Setting CVar [[r.Tonemapper.GrainQuantization:1]]
[2019.05.16-20.41.54:461][  0]LogConfig: Setting CVar [[r.LightShaftQuality:1]]
[2019.05.16-20.41.54:461][  0]LogConfig: Setting CVar [[r.Filter.SizeScale:1]]
[2019.05.16-20.41.54:461][  0]LogConfig: Setting CVar [[r.Tonemapper.Quality:5]]
[2019.05.16-20.41.54:461][  0]LogConfig: Setting CVar [[r.DOF.Gather.AccumulatorQuality:1        ; higher gathering accumulator quality]]
[2019.05.16-20.41.54:461][  0]LogConfig: Setting CVar [[r.DOF.Gather.PostfilterMethod:1          ; Median3x3 postfilering method]]
[2019.05.16-20.41.54:461][  0]LogConfig: Setting CVar [[r.DOF.Gather.EnableBokehSettings:0       ; no bokeh simulation when gathering]]
[2019.05.16-20.41.54:461][  0]LogConfig: Setting CVar [[r.DOF.Gather.RingCount:4                 ; medium number of samples when gathering]]
[2019.05.16-20.41.54:461][  0]LogConfig: Setting CVar [[r.DOF.Scatter.ForegroundCompositing:1    ; additive foreground scattering]]
[2019.05.16-20.41.54:461][  0]LogConfig: Setting CVar [[r.DOF.Scatter.BackgroundCompositing:2    ; additive background scattering]]
[2019.05.16-20.41.54:461][  0]LogConfig: Setting CVar [[r.DOF.Scatter.EnableBokehSettings:1      ; bokeh simulation when scattering]]
[2019.05.16-20.41.54:461][  0]LogConfig: Setting CVar [[r.DOF.Scatter.MaxSpriteRatio:0.1         ; only a maximum of 10% of scattered bokeh]]
[2019.05.16-20.41.54:461][  0]LogConfig: Setting CVar [[r.DOF.Recombine.Quality:1                ; cheap slight out of focus]]
[2019.05.16-20.41.54:461][  0]LogConfig: Setting CVar [[r.DOF.Recombine.EnableBokehSettings:0    ; no bokeh simulation on slight out of focus]]
[2019.05.16-20.41.54:461][  0]LogConfig: Setting CVar [[r.DOF.TemporalAAQuality:1                ; more stable temporal accumulation]]
[2019.05.16-20.41.54:461][  0]LogConfig: Setting CVar [[r.DOF.Kernel.MaxForegroundRadius:0.025]]
[2019.05.16-20.41.54:461][  0]LogConfig: Setting CVar [[r.DOF.Kernel.MaxBackgroundRadius:0.025]]
[2019.05.16-20.41.54:461][  0]LogConfig: Applying CVar settings from Section [TextureQuality@3] File [C:/Users/MOTPe/Documents/GitHub/SummerAssetpipe/class/Unreal Projects/EAE3010SRAssign1/Saved/Config/Windows/Scalability.ini]
[2019.05.16-20.41.54:461][  0]LogConfig: Setting CVar [[r.Streaming.MipBias:0]]
[2019.05.16-20.41.54:461][  0]LogConfig: Setting CVar [[r.Streaming.AmortizeCPUToGPUCopy:0]]
[2019.05.16-20.41.54:461][  0]LogConfig: Setting CVar [[r.Streaming.MaxNumTexturesToStreamPerFrame:0]]
[2019.05.16-20.41.54:461][  0]LogConfig: Setting CVar [[r.Streaming.Boost:1]]
[2019.05.16-20.41.54:461][  0]LogConfig: Setting CVar [[r.MaxAnisotropy:8]]
[2019.05.16-20.41.54:461][  0]LogConfig: Setting CVar [[r.Streaming.LimitPoolSizeToVRAM:0]]
[2019.05.16-20.41.54:461][  0]LogConfig: Setting CVar [[r.Streaming.PoolSize:1000]]
[2019.05.16-20.41.54:461][  0]LogConfig: Setting CVar [[r.Streaming.MaxEffectiveScreenSize:0]]
[2019.05.16-20.41.54:461][  0]LogConfig: Applying CVar settings from Section [EffectsQuality@3] File [C:/Users/MOTPe/Documents/GitHub/SummerAssetpipe/class/Unreal Projects/EAE3010SRAssign1/Saved/Config/Windows/Scalability.ini]
[2019.05.16-20.41.54:461][  0]LogConfig: Setting CVar [[r.TranslucencyLightingVolumeDim:64]]
[2019.05.16-20.41.54:461][  0]LogConfig: Setting CVar [[r.RefractionQuality:2]]
[2019.05.16-20.41.54:461][  0]LogConfig: Setting CVar [[r.SSR.Quality:3]]
[2019.05.16-20.41.54:461][  0]LogConfig: Setting CVar [[r.SceneColorFormat:4]]
[2019.05.16-20.41.54:461][  0]LogConfig: Setting CVar [[r.DetailMode:2]]
[2019.05.16-20.41.54:461][  0]LogConfig: Setting CVar [[r.TranslucencyVolumeBlur:1]]
[2019.05.16-20.41.54:461][  0]LogConfig: Setting CVar [[r.MaterialQualityLevel:1 ; High quality]]
[2019.05.16-20.41.54:461][  0]LogConfig: Setting CVar [[r.SSS.Scale:1]]
[2019.05.16-20.41.54:461][  0]LogConfig: Setting CVar [[r.SSS.SampleSet:2]]
[2019.05.16-20.41.54:461][  0]LogConfig: Setting CVar [[r.SSS.Quality:1]]
[2019.05.16-20.41.54:461][  0]LogConfig: Setting CVar [[r.SSS.HalfRes:1]]
[2019.05.16-20.41.54:461][  0]LogConfig: Setting CVar [[r.EmitterSpawnRateScale:1.0]]
[2019.05.16-20.41.54:461][  0]LogConfig: Setting CVar [[r.ParticleLightQuality:2]]
[2019.05.16-20.41.54:461][  0]LogConfig: Applying CVar settings from Section [FoliageQuality@3] File [C:/Users/MOTPe/Documents/GitHub/SummerAssetpipe/class/Unreal Projects/EAE3010SRAssign1/Saved/Config/Windows/Scalability.ini]
[2019.05.16-20.41.54:461][  0]LogConfig: Setting CVar [[foliage.DensityScale:1.0]]
[2019.05.16-20.41.54:461][  0]LogConfig: Setting CVar [[grass.DensityScale:1.0]]
[2019.05.16-20.41.54:461][  0]LogInit: Selected Device Profile: [Windows]
[2019.05.16-20.41.54:461][  0]LogInit: Applying CVar settings loaded from the selected device profile: [Windows]
[2019.05.16-20.41.54:467][  0]LogHAL: Display: Platform has ~ 16 GB [17125580800 / 17179869184 / 16], which maps to Larger [LargestMinGB=32, LargerMinGB=12, DefaultMinGB=8, SmallerMinGB=6, SmallestMinGB=0)
[2019.05.16-20.41.54:467][  0]LogConfig: Setting CVar [[r.Vulkan.UseRealUBs:1]]
[2019.05.16-20.41.54:467][  0]LogInit: Going up to parent DeviceProfile []
[2019.05.16-20.41.54:467][  0]LogConfig: Applying CVar settings from Section [ViewDistanceQuality@3] File [C:/Users/MOTPe/Documents/GitHub/SummerAssetpipe/class/Unreal Projects/EAE3010SRAssign1/Saved/Config/Windows/Scalability.ini]
[2019.05.16-20.41.54:467][  0]LogConfig: Setting CVar [[r.SkeletalMeshLODBias:0]]
[2019.05.16-20.41.54:467][  0]LogConfig: Setting CVar [[r.ViewDistanceScale:1.0]]
[2019.05.16-20.41.54:467][  0]LogConfig: Applying CVar settings from Section [AntiAliasingQuality@3] File [C:/Users/MOTPe/Documents/GitHub/SummerAssetpipe/class/Unreal Projects/EAE3010SRAssign1/Saved/Config/Windows/Scalability.ini]
[2019.05.16-20.41.54:467][  0]LogConfig: Setting CVar [[r.PostProcessAAQuality:4]]
[2019.05.16-20.41.54:467][  0]LogConfig: Applying CVar settings from Section [ShadowQuality@3] File [C:/Users/MOTPe/Documents/GitHub/SummerAssetpipe/class/Unreal Projects/EAE3010SRAssign1/Saved/Config/Windows/Scalability.ini]
[2019.05.16-20.41.54:467][  0]LogConfig: Setting CVar [[r.LightFunctionQuality:1]]
[2019.05.16-20.41.54:467][  0]LogConfig: Setting CVar [[r.ShadowQuality:5]]
[2019.05.16-20.41.54:467][  0]LogConfig: Setting CVar [[r.Shadow.CSM.MaxCascades:10]]
[2019.05.16-20.41.54:468][  0]LogConfig: Setting CVar [[r.Shadow.MaxResolution:2048]]
[2019.05.16-20.41.54:468][  0]LogConfig: Setting CVar [[r.Shadow.MaxCSMResolution:2048]]
[2019.05.16-20.41.54:468][  0]LogConfig: Setting CVar [[r.Shadow.RadiusThreshold:0.01]]
[2019.05.16-20.41.54:468][  0]LogConfig: Setting CVar [[r.Shadow.DistanceScale:1.0]]
[2019.05.16-20.41.54:468][  0]LogConfig: Setting CVar [[r.Shadow.CSM.TransitionScale:1.0]]
[2019.05.16-20.41.54:468][  0]LogConfig: Setting CVar [[r.Shadow.PreShadowResolutionFactor:1.0]]
[2019.05.16-20.41.54:468][  0]LogConfig: Setting CVar [[r.DistanceFieldShadowing:1]]
[2019.05.16-20.41.54:468][  0]LogConfig: Setting CVar [[r.DistanceFieldAO:1]]
[2019.05.16-20.41.54:468][  0]LogConfig: Setting CVar [[r.AOQuality:2]]
[2019.05.16-20.41.54:468][  0]LogConfig: Setting CVar [[r.VolumetricFog:1]]
[2019.05.16-20.41.54:468][  0]LogConfig: Setting CVar [[r.VolumetricFog.GridPixelSize:8]]
[2019.05.16-20.41.54:468][  0]LogConfig: Setting CVar [[r.VolumetricFog.GridSizeZ:128]]
[2019.05.16-20.41.54:468][  0]LogConfig: Setting CVar [[r.VolumetricFog.HistoryMissSupersampleCount:4]]
[2019.05.16-20.41.54:468][  0]LogConfig: Setting CVar [[r.LightMaxDrawDistanceScale:1]]
[2019.05.16-20.41.54:468][  0]LogConfig: Setting CVar [[r.CapsuleShadows:1]]
[2019.05.16-20.41.54:468][  0]LogConfig: Applying CVar settings from Section [PostProcessQuality@3] File [C:/Users/MOTPe/Documents/GitHub/SummerAssetpipe/class/Unreal Projects/EAE3010SRAssign1/Saved/Config/Windows/Scalability.ini]
[2019.05.16-20.41.54:468][  0]LogConfig: Setting CVar [[r.MotionBlurQuality:4]]
[2019.05.16-20.41.54:468][  0]LogConfig: Setting CVar [[r.AmbientOcclusionMipLevelFactor:0.4]]
[2019.05.16-20.41.54:468][  0]LogConfig: Setting CVar [[r.AmbientOcclusionMaxQuality:100]]
[2019.05.16-20.41.54:468][  0]LogConfig: Setting CVar [[r.AmbientOcclusionLevels:-1]]
[2019.05.16-20.41.54:468][  0]LogConfig: Setting CVar [[r.AmbientOcclusionRadiusScale:1.0]]
[2019.05.16-20.41.54:468][  0]LogConfig: Setting CVar [[r.DepthOfFieldQuality:2]]
[2019.05.16-20.41.54:468][  0]LogConfig: Setting CVar [[r.RenderTargetPoolMin:400]]
[2019.05.16-20.41.54:468][  0]LogConfig: Setting CVar [[r.LensFlareQuality:2]]
[2019.05.16-20.41.54:468][  0]LogConfig: Setting CVar [[r.SceneColorFringeQuality:1]]
[2019.05.16-20.41.54:468][  0]LogConfig: Setting CVar [[r.EyeAdaptationQuality:2]]
[2019.05.16-20.41.54:468][  0]LogConfig: Setting CVar [[r.BloomQuality:5]]
[2019.05.16-20.41.54:468][  0]LogConfig: Setting CVar [[r.FastBlurThreshold:100]]
[2019.05.16-20.41.54:468][  0]LogConfig: Setting CVar [[r.Upscale.Quality:3]]
[2019.05.16-20.41.54:468][  0]LogConfig: Setting CVar [[r.Tonemapper.GrainQuantization:1]]
[2019.05.16-20.41.54:468][  0]LogConfig: Setting CVar [[r.LightShaftQuality:1]]
[2019.05.16-20.41.54:468][  0]LogConfig: Setting CVar [[r.Filter.SizeScale:1]]
[2019.05.16-20.41.54:468][  0]LogConfig: Setting CVar [[r.Tonemapper.Quality:5]]
[2019.05.16-20.41.54:468][  0]LogConfig: Setting CVar [[r.DOF.Gather.AccumulatorQuality:1        ; higher gathering accumulator quality]]
[2019.05.16-20.41.54:468][  0]LogConfig: Setting CVar [[r.DOF.Gather.PostfilterMethod:1          ; Median3x3 postfilering method]]
[2019.05.16-20.41.54:468][  0]LogConfig: Setting CVar [[r.DOF.Gather.EnableBokehSettings:0       ; no bokeh simulation when gathering]]
[2019.05.16-20.41.54:468][  0]LogConfig: Setting CVar [[r.DOF.Gather.RingCount:4                 ; medium number of samples when gathering]]
[2019.05.16-20.41.54:468][  0]LogConfig: Setting CVar [[r.DOF.Scatter.ForegroundCompositing:1    ; additive foreground scattering]]
[2019.05.16-20.41.54:468][  0]LogConfig: Setting CVar [[r.DOF.Scatter.BackgroundCompositing:2    ; additive background scattering]]
[2019.05.16-20.41.54:468][  0]LogConfig: Setting CVar [[r.DOF.Scatter.EnableBokehSettings:1      ; bokeh simulation when scattering]]
[2019.05.16-20.41.54:468][  0]LogConfig: Setting CVar [[r.DOF.Scatter.MaxSpriteRatio:0.1         ; only a maximum of 10% of scattered bokeh]]
[2019.05.16-20.41.54:468][  0]LogConfig: Setting CVar [[r.DOF.Recombine.Quality:1                ; cheap slight out of focus]]
[2019.05.16-20.41.54:468][  0]LogConfig: Setting CVar [[r.DOF.Recombine.EnableBokehSettings:0    ; no bokeh simulation on slight out of focus]]
[2019.05.16-20.41.54:468][  0]LogConfig: Setting CVar [[r.DOF.TemporalAAQuality:1                ; more stable temporal accumulation]]
[2019.05.16-20.41.54:468][  0]LogConfig: Setting CVar [[r.DOF.Kernel.MaxForegroundRadius:0.025]]
[2019.05.16-20.41.54:468][  0]LogConfig: Setting CVar [[r.DOF.Kernel.MaxBackgroundRadius:0.025]]
[2019.05.16-20.41.54:468][  0]LogConfig: Applying CVar settings from Section [TextureQuality@3] File [C:/Users/MOTPe/Documents/GitHub/SummerAssetpipe/class/Unreal Projects/EAE3010SRAssign1/Saved/Config/Windows/Scalability.ini]
[2019.05.16-20.41.54:468][  0]LogConfig: Setting CVar [[r.Streaming.MipBias:0]]
[2019.05.16-20.41.54:468][  0]LogConfig: Setting CVar [[r.Streaming.AmortizeCPUToGPUCopy:0]]
[2019.05.16-20.41.54:468][  0]LogConfig: Setting CVar [[r.Streaming.MaxNumTexturesToStreamPerFrame:0]]
[2019.05.16-20.41.54:468][  0]LogConfig: Setting CVar [[r.Streaming.Boost:1]]
[2019.05.16-20.41.54:468][  0]LogConfig: Setting CVar [[r.MaxAnisotropy:8]]
[2019.05.16-20.41.54:468][  0]LogConfig: Setting CVar [[r.Streaming.LimitPoolSizeToVRAM:0]]
[2019.05.16-20.41.54:468][  0]LogConfig: Setting CVar [[r.Streaming.PoolSize:1000]]
[2019.05.16-20.41.54:468][  0]LogConfig: Setting CVar [[r.Streaming.MaxEffectiveScreenSize:0]]
[2019.05.16-20.41.54:468][  0]LogConfig: Applying CVar settings from Section [EffectsQuality@3] File [C:/Users/MOTPe/Documents/GitHub/SummerAssetpipe/class/Unreal Projects/EAE3010SRAssign1/Saved/Config/Windows/Scalability.ini]
[2019.05.16-20.41.54:468][  0]LogConfig: Setting CVar [[r.TranslucencyLightingVolumeDim:64]]
[2019.05.16-20.41.54:468][  0]LogConfig: Setting CVar [[r.RefractionQuality:2]]
[2019.05.16-20.41.54:468][  0]LogConfig: Setting CVar [[r.SSR.Quality:3]]
[2019.05.16-20.41.54:468][  0]LogConfig: Setting CVar [[r.SceneColorFormat:4]]
[2019.05.16-20.41.54:468][  0]LogConfig: Setting CVar [[r.DetailMode:2]]
[2019.05.16-20.41.54:468][  0]LogConfig: Setting CVar [[r.TranslucencyVolumeBlur:1]]
[2019.05.16-20.41.54:468][  0]LogConfig: Setting CVar [[r.MaterialQualityLevel:1 ; High quality]]
[2019.05.16-20.41.54:468][  0]LogConfig: Setting CVar [[r.SSS.Scale:1]]
[2019.05.16-20.41.54:468][  0]LogConfig: Setting CVar [[r.SSS.SampleSet:2]]
[2019.05.16-20.41.54:468][  0]LogConfig: Setting CVar [[r.SSS.Quality:1]]
[2019.05.16-20.41.54:468][  0]LogConfig: Setting CVar [[r.SSS.HalfRes:1]]
[2019.05.16-20.41.54:468][  0]LogConfig: Setting CVar [[r.EmitterSpawnRateScale:1.0]]
[2019.05.16-20.41.54:468][  0]LogConfig: Setting CVar [[r.ParticleLightQuality:2]]
[2019.05.16-20.41.54:468][  0]LogConfig: Applying CVar settings from Section [FoliageQuality@3] File [C:/Users/MOTPe/Documents/GitHub/SummerAssetpipe/class/Unreal Projects/EAE3010SRAssign1/Saved/Config/Windows/Scalability.ini]
[2019.05.16-20.41.54:468][  0]LogConfig: Setting CVar [[foliage.DensityScale:1.0]]
[2019.05.16-20.41.54:468][  0]LogConfig: Setting CVar [[grass.DensityScale:1.0]]
[2019.05.16-20.41.54:468][  0]LogConfig: Applying CVar settings from Section [Startup] File [../../../Engine/Config/ConsoleVariables.ini]
[2019.05.16-20.41.54:468][  0]LogConfig: Setting CVar [[net.UseAdaptiveNetUpdateFrequency:0]]
[2019.05.16-20.41.54:468][  0]LogConfig: Applying CVar settings from Section [ConsoleVariables] File [C:/Users/MOTPe/Documents/GitHub/SummerAssetpipe/class/Unreal Projects/EAE3010SRAssign1/Saved/Config/Windows/Engine.ini]
[2019.05.16-20.41.54:469][  0]LogInit: Computer: DESKTOP-SFB716L
[2019.05.16-20.41.54:469][  0]LogInit: User: MOTPe
[2019.05.16-20.41.54:469][  0]LogInit: CPU Page size=4096, Cores=4
[2019.05.16-20.41.54:469][  0]LogInit: High frequency timer resolution =3.914064 MHz
[2019.05.16-20.41.54:469][  0]LogMemory: Memory total: Physical=15.9GB (16GB approx)
[2019.05.16-20.41.54:469][  0]LogMemory: Platform Memory Stats for Windows
[2019.05.16-20.41.54:469][  0]LogMemory: Process Physical Memory: 102.06 MB used, 102.06 MB peak
[2019.05.16-20.41.54:469][  0]LogMemory: Process Virtual Memory: 91.42 MB used, 91.42 MB peak
[2019.05.16-20.41.54:469][  0]LogMemory: Physical Memory: 11750.48 MB used,  4581.75 MB free, 16332.23 MB total
[2019.05.16-20.41.54:469][  0]LogMemory: Virtual Memory: 4653.66 MB used,  134213072.00 MB free, 134217728.00 MB total
[2019.05.16-20.41.54:489][  0]LogInit: Using OS detected language (en-US).
[2019.05.16-20.41.54:489][  0]LogInit: Using OS detected locale (en-US).
[2019.05.16-20.41.54:490][  0]LogTextLocalizationManager: No specific localization for 'en-US' exists, so the 'en' localization will be used.
[2019.05.16-20.41.54:794][  0]LogStreaming: Display: Took  0.305s to InitEngineTextLocalization.
[2019.05.16-20.41.54:794][  0]LogInit: Setting process to per monitor DPI aware
[2019.05.16-20.41.54:824][  0]LogSlate: New Slate User Created.  User Index 0, Is Virtual User: 0
[2019.05.16-20.41.54:824][  0]LogSlate: Slate User Registered.  User Index 0, Is Virtual User: 0
[2019.05.16-20.41.54:981][  0]LogHMD: Failed to initialize OpenVR with code 110
[2019.05.16-20.41.54:981][  0]LogD3D11RHI: D3D11 adapters:
[2019.05.16-20.41.55:072][  0]LogD3D11RHI:    0. 'NVIDIA GeForce GTX 1070' (Feature Level 11_0)
[2019.05.16-20.41.55:072][  0]LogD3D11RHI:       8096/0/8166 MB DedicatedVideo/DedicatedSystem/SharedSystem, Outputs:2, VendorId:0x10de
[2019.05.16-20.41.55:074][  0]LogD3D11RHI:    1. 'Microsoft Basic Render Driver' (Feature Level 11_0)
[2019.05.16-20.41.55:074][  0]LogD3D11RHI:       0/0/8166 MB DedicatedVideo/DedicatedSystem/SharedSystem, Outputs:0, VendorId:0x1414
[2019.05.16-20.41.55:074][  0]LogD3D11RHI: Chosen D3D11 Adapter: 0
[2019.05.16-20.41.55:083][  0]LogD3D11RHI: Creating new Direct3DDevice
[2019.05.16-20.41.55:083][  0]LogD3D11RHI:     GPU DeviceId: 0x1b81 (for the marketing name, search the web for "GPU Device Id")
[2019.05.16-20.41.55:083][  0]LogWindows: EnumDisplayDevices:
[2019.05.16-20.41.55:083][  0]LogWindows:    0. 'NVIDIA GeForce GTX 1070' (P:1 D:1)
[2019.05.16-20.41.55:083][  0]LogWindows:    1. 'NVIDIA GeForce GTX 1070' (P:0 D:1)
[2019.05.16-20.41.55:083][  0]LogWindows:    2. 'NVIDIA GeForce GTX 1070' (P:0 D:0)
[2019.05.16-20.41.55:083][  0]LogWindows:    3. 'NVIDIA GeForce GTX 1070' (P:0 D:0)
[2019.05.16-20.41.55:084][  0]LogWindows: DebugString: FoundDriverCount:4 
[2019.05.16-20.41.55:084][  0]LogD3D11RHI:     Adapter Name: NVIDIA GeForce GTX 1070
[2019.05.16-20.41.55:084][  0]LogD3D11RHI:   Driver Version: 388.13 (internal:23.21.13.8813, unified:388.13)
[2019.05.16-20.41.55:084][  0]LogD3D11RHI:      Driver Date: 10-27-2017
[2019.05.16-20.41.55:084][  0]LogRHI: Texture pool is 5667 MB (70% of 8096 MB)
[2019.05.16-20.41.55:118][  0]LogD3D11RHI: Async texture creation enabled
[2019.05.16-20.41.55:128][  0]LogD3D11RHI: GPU Timing Frequency: 1000.000000 (Debug: 2 1)
[2019.05.16-20.41.55:462][  0]LogTemp: Display: Loaded TP AllDesktopTargetPlatform
[2019.05.16-20.41.55:474][  0]LogTemp: Display: Loaded TP MacClientTargetPlatform
[2019.05.16-20.41.55:484][  0]LogTemp: Display: Loaded TP MacNoEditorTargetPlatform
[2019.05.16-20.41.55:495][  0]LogTemp: Display: Loaded TP MacServerTargetPlatform
[2019.05.16-20.41.55:506][  0]LogTemp: Display: Loaded TP MacTargetPlatform
[2019.05.16-20.41.55:517][  0]LogTemp: Display: Loaded TP WindowsClientTargetPlatform
[2019.05.16-20.41.55:527][  0]LogTemp: Display: Loaded TP WindowsNoEditorTargetPlatform
[2019.05.16-20.41.55:537][  0]LogTemp: Display: Loaded TP WindowsServerTargetPlatform
[2019.05.16-20.41.55:543][  0]LogTemp: Display: Loaded TP WindowsTargetPlatform
[2019.05.16-20.41.55:603][  0]LogTemp: Display: Loaded TP AndroidTargetPlatform
[2019.05.16-20.41.55:603][  0]LogTemp: Display: Loaded TP AndroidTargetPlatform
[2019.05.16-20.41.55:603][  0]LogTemp: Display: Loaded TP AndroidTargetPlatform
[2019.05.16-20.41.55:603][  0]LogTemp: Display: Loaded TP AndroidTargetPlatform
[2019.05.16-20.41.55:603][  0]LogTemp: Display: Loaded TP AndroidTargetPlatform
[2019.05.16-20.41.55:603][  0]LogTemp: Display: Loaded TP AndroidTargetPlatform
[2019.05.16-20.41.55:603][  0]LogTemp: Display: Loaded TP AndroidTargetPlatform
[2019.05.16-20.41.55:603][  0]LogTemp: Display: Loaded TP AndroidTargetPlatform
[2019.05.16-20.41.55:603][  0]LogTemp: Display: Loaded TP AndroidTargetPlatform
[2019.05.16-20.41.55:603][  0]LogTemp: Display: Loaded TP AndroidTargetPlatform
[2019.05.16-20.41.55:603][  0]LogTemp: Display: Loaded TP AndroidTargetPlatform
[2019.05.16-20.41.55:603][  0]LogTemp: Display: Loaded TP AndroidTargetPlatform
[2019.05.16-20.41.55:603][  0]LogTemp: Display: Loaded TP AndroidTargetPlatform
[2019.05.16-20.41.55:603][  0]LogTemp: Display: Loaded TP AndroidTargetPlatform
[2019.05.16-20.41.55:603][  0]LogTemp: Display: Loaded TP AndroidTargetPlatform
[2019.05.16-20.41.55:603][  0]LogTemp: Display: Loaded TP AndroidTargetPlatform
[2019.05.16-20.41.55:603][  0]LogTemp: Display: Loaded TP AndroidTargetPlatform
[2019.05.16-20.41.55:603][  0]LogTemp: Display: Loaded TP AndroidTargetPlatform
[2019.05.16-20.41.55:605][  0]LogTemp: Display: Loaded TP HTML5TargetPlatform
[2019.05.16-20.41.55:662][  0]LogTemp: Display: Loaded TP IOSTargetPlatform
[2019.05.16-20.41.55:662][  0]LogTemp: Display: Loaded TP IOSTargetPlatform
[2019.05.16-20.41.55:680][  0]LogTemp: Display: Loaded TP TVOSTargetPlatform
[2019.05.16-20.41.55:680][  0]LogTemp: Display: Loaded TP TVOSTargetPlatform
[2019.05.16-20.41.55:689][  0]LogTemp: Display: Loaded TP LinuxClientTargetPlatform
[2019.05.16-20.41.55:699][  0]LogTemp: Display: Loaded TP LinuxNoEditorTargetPlatform
[2019.05.16-20.41.55:709][  0]LogTemp: Display: Loaded TP LinuxServerTargetPlatform
[2019.05.16-20.41.55:720][  0]LogTemp: Display: Loaded TP LinuxTargetPlatform
[2019.05.16-20.41.55:754][  0]LogTemp: Display: Loaded TP LuminTargetPlatform
[2019.05.16-20.41.55:754][  0]LogTemp: Display: Loaded TP LuminTargetPlatform
[2019.05.16-20.41.55:754][  0]LogTargetPlatformManager: Display: Building Assets For Windows
[2019.05.16-20.41.55:807][  0]LogShaderCompilers: Guid format shader working directory is -56 characters bigger than the processId version (../../../../../../Users/MOTPe/Documents/GitHub/SummerAssetpipe/class/Unreal Projects/EAE3010SRAssign1/Intermediate/Shaders/WorkingDirectory/15264/).
[2019.05.16-20.41.55:807][  0]LogShaderCompilers: Cleaned the shader compiler working directory 'C:/Users/MOTPe/AppData/Local/Temp/UnrealShaderWorkingDir/D48F34DF42F2527E8866DCAC061DBE8F/'.
[2019.05.16-20.41.55:809][  0]LogXGEController: Cannot use XGE Controller as Incredibuild is not installed on this machine.
[2019.05.16-20.41.55:809][  0]LogShaderCompilers: Cannot use XGE Shader Compiler as Incredibuild is not installed on this machine.
[2019.05.16-20.41.55:809][  0]LogShaderCompilers: Display: Using Local Shader Compiler.
[2019.05.16-20.41.56:237][  0]LogDerivedDataCache: Display: Max Cache Size: 512 MB
[2019.05.16-20.41.56:283][  0]LogDerivedDataCache: Loaded boot cache 0.05s 86MB C:/Users/MOTPe/AppData/Local/UnrealEngine/4.21/DerivedDataCache/Boot.ddc.
[2019.05.16-20.41.56:283][  0]LogDerivedDataCache: Display: Loaded Boot cache: C:/Users/MOTPe/AppData/Local/UnrealEngine/4.21/DerivedDataCache/Boot.ddc
[2019.05.16-20.41.56:284][  0]LogDerivedDataCache: FDerivedDataBackendGraph:  Pak pak cache file ../../../../../../Users/MOTPe/Documents/GitHub/SummerAssetpipe/class/Unreal Projects/EAE3010SRAssign1/DerivedDataCache/DDC.ddp not found, will not use a pak cache.
[2019.05.16-20.41.56:284][  0]LogDerivedDataCache: Unable to find inner node Pak for hierarchical cache Hierarchy.
[2019.05.16-20.41.56:284][  0]LogDerivedDataCache: FDerivedDataBackendGraph:  CompressedPak pak cache file ../../../../../../Users/MOTPe/Documents/GitHub/SummerAssetpipe/class/Unreal Projects/EAE3010SRAssign1/DerivedDataCache/Compressed.ddp not found, will not use a pak cache.
[2019.05.16-20.41.56:284][  0]LogDerivedDataCache: Unable to find inner node CompressedPak for hierarchical cache Hierarchy.
[2019.05.16-20.41.56:294][  0]LogDerivedDataCache: Display: Pak cache opened for reading ../../../Engine/DerivedDataCache/Compressed.ddp.
[2019.05.16-20.41.56:294][  0]LogDerivedDataCache: FDerivedDataBackendGraph:  EnterprisePak pak cache file ../../../Enterprise/DerivedDataCache/Compressed.ddp not found, will not use a pak cache.
[2019.05.16-20.41.56:294][  0]LogDerivedDataCache: Unable to find inner node EnterprisePak for hierarchical cache Hierarchy.
[2019.05.16-20.41.56:306][  0]LogDerivedDataCache: Using Local data cache path C:/Users/MOTPe/AppData/Local/UnrealEngine/Common/DerivedDataCache: Writable
[2019.05.16-20.41.56:306][  0]LogDerivedDataCache: Shared data cache path not found in *engine.ini, will not use an Shared cache.
[2019.05.16-20.41.56:306][  0]LogDerivedDataCache: Unable to find inner node Shared for hierarchical cache Hierarchy.
[2019.05.16-20.41.56:324][  0]LogMaterial: Verifying Global Shaders for PCD3D_SM5
[2019.05.16-20.41.56:325][  0]LogSlate: Using FreeType 2.6.0
[2019.05.16-20.41.56:326][  0]LogSlate: SlateFontServices - WITH_FREETYPE: 1, WITH_HARFBUZZ: 1
[2019.05.16-20.41.56:399][  0]LogAssetRegistry: FAssetRegistry took 0.0308 seconds to start up
[2019.05.16-20.41.56:648][  0]LogInit: Selected Device Profile: [Windows]
[2019.05.16-20.41.56:770][  0]LogSimplygon: Simplygon DLL not present - disabling.
[2019.05.16-20.41.56:773][  0]LogMeshReduction: Using SimplygonSwarm for distributed automatic mesh merging
[2019.05.16-20.41.56:773][  0]LogMeshReduction: Using ProxyLODMeshReduction for automatic mesh merging
[2019.05.16-20.41.56:773][  0]LogMeshReduction: Using QuadricMeshReduction for automatic static mesh reduction
[2019.05.16-20.41.56:773][  0]LogMeshReduction: No automatic skeletal mesh reduction module available
[2019.05.16-20.41.57:010][  0]LogNetVersion: EAE3010SRAssign1 1.0.0, NetCL: 4541578, EngineNetVer: 5, GameNetVer: 0 (Checksum: 3016678391)
[2019.05.16-20.41.58:578][  0]LogPackageLocalizationCache: Processed 11 localized package path(s) for 2 prioritized culture(s) in 0.095580 seconds
[2019.05.16-20.41.58:584][  0]LogUObjectArray: 39775 objects as part of root set at end of initial load.
[2019.05.16-20.41.58:584][  0]LogUObjectAllocator: 6914664 out of 0 bytes used by permanent object pool.
[2019.05.16-20.41.58:584][  0]LogUObjectArray: CloseDisregardForGC: 0/0 objects in disregard for GC pool
[2019.05.16-20.41.59:310][  0]LogTcpMessaging: Initializing TcpMessaging bridge
[2019.05.16-20.41.59:323][  0]LogUdpMessaging: Initializing bridge on interface 0.0.0.0:0 to multicast group 230.0.0.1:6666.
[2019.05.16-20.41.59:918][  0]SourceControl: Source control is disabled
[2019.05.16-20.41.59:918][  0]SourceControl: Source control is disabled
[2019.05.16-20.41.59:920][  0]SourceControl: Source control is disabled
[2019.05.16-20.41.59:921][  0]SourceControl: Source control is disabled
[2019.05.16-20.42.00:069][  0]LogAndroidPermission: UAndroidPermissionCallbackProxy::GetInstance
[2019.05.16-20.42.00:190][  0]LogOcInput: OculusInput pre-init called
[2019.05.16-20.42.00:316][  0]LogEngine: Initializing Engine...
[2019.05.16-20.42.00:316][  0]LogHMD: Failed to initialize OpenVR with code 110
[2019.05.16-20.42.00:317][  0]LogStats: UGameplayTagsManager::ConstructGameplayTagTree: ImportINI prefixes -  0.000 s
[2019.05.16-20.42.00:317][  0]LogStats: UGameplayTagsManager::ConstructGameplayTagTree: Construct from data asset -  0.000 s
[2019.05.16-20.42.00:317][  0]LogStats: UGameplayTagsManager::ConstructGameplayTagTree: ImportINI -  0.000 s
[2019.05.16-20.42.00:317][  0]LogStats: UGameplayTagsManager::ConstructGameplayTagTree: GameplayTagTreeChangedEvent.Broadcast -  0.000 s
[2019.05.16-20.42.00:493][  0]LogInit: Initializing FReadOnlyCVARCache
[2019.05.16-20.42.00:505][  0]LogAIModule: Creating AISystem for world Untitled
[2019.05.16-20.42.00:594][  0]LogInit: XAudio2 using 'Speakers (Sound Blaster Recon3Di)' : 2 channels at 48 kHz using 32 bits per sample (channel mask 0x3)
[2019.05.16-20.42.00:608][  0]LogInit: FAudioDevice initialized.
[2019.05.16-20.42.00:608][  0]LogNetVersion: Set ProjectVersion to 1.0.0.0. Version Checksum will be recalculated on next use.
[2019.05.16-20.42.01:221][  0]LogDerivedDataCache: Saved boot cache 0.61s 71MB C:/Users/MOTPe/AppData/Local/UnrealEngine/4.21/DerivedDataCache/Boot.ddc.
[2019.05.16-20.42.01:222][  0]LogInit: Texture streaming: Enabled
[2019.05.16-20.42.01:238][  0]LogEngineSessionManager: EngineSessionManager initialized
[2019.05.16-20.42.01:250][  0]LogInit: Transaction tracking system initialized
[2019.05.16-20.42.01:278][  0]BlueprintLog: New page: Editor Load
[2019.05.16-20.42.01:352][  0]LocalizationService: Localization service is disabled
[2019.05.16-20.42.01:747][  0]LogFileCache: Scanning file cache for directory 'C:/Users/MOTPe/Documents/GitHub/SummerAssetpipe/class/Unreal Projects/EAE3010SRAssign1/Content/' took 0.01s
[2019.05.16-20.42.01:747][  0]LogCook: Display: Max memory allowance for cook 16384mb min free memory 0mb
[2019.05.16-20.42.01:747][  0]LogCook: Display: Mobile HDR setting 1
[2019.05.16-20.42.01:747][  0]LogGameplayTags: Display: UGameplayTagsManager::DoneAddingNativeTags. DelegateIsBound: 0
[2019.05.16-20.42.01:747][  0]LogStats: UGameplayTagsManager::ConstructGameplayTagTree: ImportINI prefixes -  0.000 s
[2019.05.16-20.42.01:747][  0]LogStats: UGameplayTagsManager::ConstructGameplayTagTree: Construct from data asset -  0.000 s
[2019.05.16-20.42.01:748][  0]LogStats: UGameplayTagsManager::ConstructGameplayTagTree: ImportINI -  0.000 s
[2019.05.16-20.42.01:748][  0]LogStats: UGameplayTagsManager::ConstructGameplayTagTree: GameplayTagTreeChangedEvent.Broadcast -  0.000 s
[2019.05.16-20.42.01:861][  0]SourceControl: Source control is disabled
[2019.05.16-20.42.01:861][  0]Cmd: MAP LOAD FILE="../../../Engine/Content/Maps/Templates/Template_Default.umap" TEMPLATE=1 SHOWPROGRESS=1 FEATURELEVEL=3
[2019.05.16-20.42.01:861][  0]LightingResults: New page: Lighting Build
[2019.05.16-20.42.01:864][  0]MapCheck: New page: Map Check
[2019.05.16-20.42.01:864][  0]LightingResults: New page: Lighting Build
[2019.05.16-20.42.01:994][  0]LogAIModule: Creating AISystem for world Untitled_1
[2019.05.16-20.42.01:999][  0]LogEditorServer: Finished looking for orphan Actors (0.000 secs)
[2019.05.16-20.42.02:016][  0]Cmd: MAP CHECKDEP NOCLEARLOG
[2019.05.16-20.42.02:016][  0]MapCheck: Map check complete: 0 Error(s), 0 Warning(s), took 0.136ms to complete.
[2019.05.16-20.42.02:016][  0]LogFileHelpers: Loading map 'Template_Default' took 0.156
[2019.05.16-20.42.06:314][  0]LogSlate: Updating window title bar state: overlay mode, drag disabled, window buttons hidden, title bar hidden
[2019.05.16-20.42.06:438][  0]LogSlate: Updating window title bar state: overlay mode, drag disabled, window buttons hidden, title bar hidden
[2019.05.16-20.42.06:444][  0]LogSlate: Updating window title bar state: overlay mode, drag disabled, window buttons hidden, title bar hidden
[2019.05.16-20.42.06:449][  0]LogSlate: Updating window title bar state: overlay mode, drag disabled, window buttons hidden, title bar hidden
[2019.05.16-20.42.07:488][  0]LogCollectionManager: Loaded 0 collections in 0.001391 seconds
[2019.05.16-20.42.10:585][  0]LogFileCache: Scanning file cache for directory 'C:/Users/MOTPe/Documents/GitHub/SummerAssetpipe/class/Unreal Projects/EAE3010SRAssign1/Saved/Collections/' took 0.01s
[2019.05.16-20.42.10:585][  0]LogFileCache: Scanning file cache for directory 'C:/Users/MOTPe/Documents/GitHub/SummerAssetpipe/class/Unreal Projects/EAE3010SRAssign1/Content/Developers/MOTPe/Collections/' took 0.01s
[2019.05.16-20.42.10:585][  0]LogFileCache: Scanning file cache for directory 'C:/Users/MOTPe/Documents/GitHub/SummerAssetpipe/class/Unreal Projects/EAE3010SRAssign1/Content/Collections/' took 0.01s
[2019.05.16-20.42.10:585][  0]LogCollectionManager: Rebuilt the GUID cache for 0 collections in 0.000000 seconds
[2019.05.16-20.42.10:867][  0]LogContentBrowser: Native class hierarchy populated in 0.0648 seconds. Added 2651 classes and 620 folders.
[2019.05.16-20.42.12:080][  0]LogContentBrowser: Native class hierarchy updated for 'WidgetCarousel' in 0.0003 seconds. Added 0 classes and 0 folders.
[2019.05.16-20.42.12:513][  0]LogPakFile: Registered encryption key '00000000000000000000000000000000': 0 pak files mounted, 0 remain pending
[2019.05.16-20.42.12:755][  0]LogPakFile: Registered encryption key '00000000000000000000000000000000': 0 pak files mounted, 0 remain pending
[2019.05.16-20.42.12:807][  0]LogPakFile: Registered encryption key '00000000000000000000000000000000': 0 pak files mounted, 0 remain pending
[2019.05.16-20.42.12:964][  0]LogPakFile: Registered encryption key '00000000000000000000000000000000': 0 pak files mounted, 0 remain pending
[2019.05.16-20.42.13:099][  0]LogPakFile: Registered encryption key '00000000000000000000000000000000': 0 pak files mounted, 0 remain pending
[2019.05.16-20.42.13:100][  0]LogPakFile: Registered encryption key '00000000000000000000000000000000': 0 pak files mounted, 0 remain pending
[2019.05.16-20.42.13:101][  0]LogPakFile: Registered encryption key '00000000000000000000000000000000': 0 pak files mounted, 0 remain pending
[2019.05.16-20.42.13:102][  0]LogPakFile: Registered encryption key '00000000000000000000000000000000': 0 pak files mounted, 0 remain pending
[2019.05.16-20.42.13:104][  0]LogPakFile: Registered encryption key '00000000000000000000000000000000': 0 pak files mounted, 0 remain pending
[2019.05.16-20.42.13:105][  0]LogPakFile: Registered encryption key '00000000000000000000000000000000': 0 pak files mounted, 0 remain pending
[2019.05.16-20.42.13:106][  0]LogPakFile: Registered encryption key '00000000000000000000000000000000': 0 pak files mounted, 0 remain pending
[2019.05.16-20.42.13:254][  0]LogPakFile: Registered encryption key '00000000000000000000000000000000': 0 pak files mounted, 0 remain pending
[2019.05.16-20.42.13:256][  0]LogPakFile: Registered encryption key '00000000000000000000000000000000': 0 pak files mounted, 0 remain pending
[2019.05.16-20.42.13:257][  0]LogPakFile: Registered encryption key '00000000000000000000000000000000': 0 pak files mounted, 0 remain pending
[2019.05.16-20.42.13:257][  0]LogPakFile: Registered encryption key '00000000000000000000000000000000': 0 pak files mounted, 0 remain pending
[2019.05.16-20.42.13:258][  0]LogPakFile: Registered encryption key '00000000000000000000000000000000': 0 pak files mounted, 0 remain pending
[2019.05.16-20.42.13:259][  0]LogPakFile: Registered encryption key '00000000000000000000000000000000': 0 pak files mounted, 0 remain pending
[2019.05.16-20.42.13:260][  0]LogPakFile: Registered encryption key '00000000000000000000000000000000': 0 pak files mounted, 0 remain pending
[2019.05.16-20.42.13:261][  0]LogPakFile: Registered encryption key '00000000000000000000000000000000': 0 pak files mounted, 0 remain pending
[2019.05.16-20.42.13:262][  0]LogPakFile: Registered encryption key '00000000000000000000000000000000': 0 pak files mounted, 0 remain pending
[2019.05.16-20.42.13:284][  0]LogPakFile: Registered encryption key '00000000000000000000000000000000': 0 pak files mounted, 0 remain pending
[2019.05.16-20.42.13:285][  0]LogPakFile: Registered encryption key '00000000000000000000000000000000': 0 pak files mounted, 0 remain pending
[2019.05.16-20.42.13:480][  0]LogPakFile: Registered encryption key '00000000000000000000000000000000': 0 pak files mounted, 0 remain pending
[2019.05.16-20.42.13:649][  0]LogPakFile: Registered encryption key '00000000000000000000000000000000': 0 pak files mounted, 0 remain pending
[2019.05.16-20.42.13:816][  0]LogPakFile: Registered encryption key '00000000000000000000000000000000': 0 pak files mounted, 0 remain pending
[2019.05.16-20.42.13:859][  0]LogPakFile: Registered encryption key '00000000000000000000000000000000': 0 pak files mounted, 0 remain pending
[2019.05.16-20.42.16:759][  0]LogContentBrowser: Native class hierarchy updated for 'AddContentDialog' in 0.0002 seconds. Added 0 classes and 0 folders.
[2019.05.16-20.42.17:989][  0]LogContentBrowser: Native class hierarchy updated for 'SceneOutliner' in 0.0003 seconds. Added 1 classes and 2 folders.
[2019.05.16-20.42.22:064][  0]LogSlate: Took 0.000177 seconds to synchronously load lazily loaded font '../../../Engine/Content/Slate/Fonts/Roboto-Regular.ttf' (155K)
[2019.05.16-20.42.22:066][  0]LogSlate: Took 0.000196 seconds to synchronously load lazily loaded font '../../../Engine/Content/Slate/Fonts/Roboto-Bold.ttf' (160K)
[2019.05.16-20.42.22:111][  0]LogSlate: Took 0.038050 seconds to synchronously load lazily loaded font '../../../Engine/Content/Editor/Slate/Fonts/FontAwesome.ttf' (139K)
[2019.05.16-20.42.23:298][  0]LogRenderer: Reallocating scene render targets to support 1208x640 Format 10 NumSamples 1 (Frame:1).
[2019.05.16-20.42.28:964][  0]LogSlate: FSceneViewport::OnFocusLost() reason 2
[2019.05.16-20.42.30:273][  0]LogSlate: Window 'Tutorials' being destroyed
[2019.05.16-20.42.30:383][  0]LogContentBrowser: Native class hierarchy updated for 'HierarchicalLODOutliner' in 0.0002 seconds. Added 0 classes and 0 folders.
[2019.05.16-20.42.30:384][  0]LogLoad: (Engine Initialization) Total time: 37.69 seconds
[2019.05.16-20.42.30:384][  0]LogLoad: (Engine Initialization) Total Blueprint compile time: 0.00 seconds
[2019.05.16-20.42.30:397][  0]LogWindowsTextInputMethodSystem: Display: IME system now deactivated.
[2019.05.16-20.42.30:715][  0]LogContentStreaming: Texture pool size now 1000 MB
[2019.05.16-20.42.30:983][  1]LogSlate: FSceneViewport::OnFocusLost() reason 0
[2019.05.16-20.42.32:388][  1]LogSlate: Took 0.015232 seconds to synchronously load lazily loaded font '../../../Engine/Content/Slate/Fonts/Roboto-Light.ttf' (167K)
[2019.05.16-20.42.45:688][340]LogCollectionManager: Rebuilt the object cache for 0 collections in 0.000000 seconds (found 0 objects)
[2019.05.16-20.42.47:518][558]LogAssetRegistry: Asset discovery search completed in 51.1412 seconds
[2019.05.16-20.42.47:519][558]LogCollectionManager: Fixed up redirectors for 0 collections in 0.000005 seconds (updated 0 objects)
[2019.05.16-20.42.50:049][860]LogSlate: Took 0.000113 seconds to synchronously load lazily loaded font '../../../Engine/Content/Slate/Fonts/Roboto-Light.ttf' (167K)
[2019.05.16-20.42.50:242][860]LogMaterial: Display: Missing cached shader map for material wb_grass, compiling. 
[2019.05.16-20.42.50:760][860]LogMaterial: Display: Missing cached shader map for material wb_street, compiling. 
[2019.05.16-20.42.50:771][860]LogShaderCompilers: Display: Shaders left to compile 22
[2019.05.16-20.42.50:771][860]LogShaderCompilers: Display: Shaders left to compile 12
[2019.05.16-20.42.50:771][860]LogShaderCompilers: Display: Shaders left to compile 2
[2019.05.16-20.42.50:771][860]LogMaterial: Display: Missing cached shader map for material wb_swalk, compiling. 
[2019.05.16-20.42.51:237][860]LogShaderCompilers: Display: Shaders left to compile 44
[2019.05.16-20.42.51:629][860]LogAIModule: Creating AISystem for world street_level
[2019.05.16-20.42.51:868][860]LogAssetEditorManager: Opening Asset editor for World /Game/street_level.street_level
[2019.05.16-20.42.52:014][860]Cmd: MAP LOAD FILE="../../../../../../Users/MOTPe/Documents/GitHub/SummerAssetpipe/class/Unreal Projects/EAE3010SRAssign1/Content/street_level.umap" TEMPLATE=0 SHOWPROGRESS=1 FEATURELEVEL=3
[2019.05.16-20.42.52:015][860]LightingResults: New page: Lighting Build
[2019.05.16-20.42.52:016][860]LoadErrors: New page: Loading map: street_level.umap
[2019.05.16-20.42.52:016][860]MapCheck: New page: Map Check
[2019.05.16-20.42.52:016][860]LightingResults: New page: Lighting Build
[2019.05.16-20.42.52:264][860]LogEditorServer: Finished looking for orphan Actors (0.000 secs)
[2019.05.16-20.42.52:641][860]Cmd: MAP CHECKDEP NOCLEARLOG
[2019.05.16-20.42.52:643][860]MapCheck: Map check complete: 0 Error(s), 0 Warning(s), took 1.836ms to complete.
[2019.05.16-20.42.52:643][860]LogFileHelpers: Loading map 'street_level' took 0.696
[2019.05.16-20.42.54:411][ 45]LogShaderCompilers: Display: Shaders left to compile 34
[2019.05.16-20.42.55:947][228]LogShaderCompilers: Display: Shaders left to compile 24
[2019.05.16-20.42.56:016][236]LogShaderCompilers: Display: Shaders left to compile 14
[2019.05.16-20.42.57:620][425]LogShaderCompilers: Display: Shaders left to compile 4
[2019.05.16-20.43.02:172][936]LogSlate: FSceneViewport::OnFocusLost() reason 0
[2019.05.16-20.43.06:122][405]LogSlate: FSceneViewport::OnFocusLost() reason 0
[2019.05.16-20.43.30:048][414]LogSlate: FSceneViewport::OnFocusLost() reason 0
[2019.05.16-20.43.34:952][918]Cmd: CAMERA ALIGN ACTIVEVIEWPORTONLY
[2019.05.16-20.47.32:240][625]LogSlate: FSceneViewport::OnFocusLost() reason 0
